<?xml version="1.0" encoding="UTF-8"?>
<!-- Generated by org.testng.reporters.JUnitReportReporter -->
<testsuite skipped="0" hostname="bhavesh-hinu" name="seleniumtestng.InvocationCount" tests="2" failures="0" timestamp="18 Jun 2019 17:58:29 GMT" time="0.015" errors="0">
  <testcase name="count" time="0.001" classname="seleniumtestng.InvocationCount"/>
  <testcase name="count" time="0.014" classname="seleniumtestng.InvocationCount"/>
</testsuite> <!-- seleniumtestng.InvocationCount -->
