<?xml version="1.0" encoding="UTF-8"?>
<!-- Generated by org.testng.reporters.JUnitReportReporter -->
<testsuite skipped="0" hostname="bhavesh-hinu" name="seleniumtestng.ExceptionExpected" tests="1" failures="0" timestamp="19 Jun 2019 18:33:36 GMT" time="0.013" errors="0">
  <testcase name="numberFormatErr" time="0.013" classname="seleniumtestng.ExceptionExpected"/>
</testsuite> <!-- seleniumtestng.ExceptionExpected -->
